{"level":"http","message":"[Product Route] GET /api/products?id=6749d310a86aeb9712253d9f","timestamp":"2025-10-11 08:14:29"}
{"level":"http","message":"[Product Route] GET /api/products/","timestamp":"2025-10-11 08:14:41"}
{"level":"http","message":"[Product Route] GET /api/products","timestamp":"2025-10-11 08:14:59"}
{"level":"http","message":"[Product Route] GET /api/products","timestamp":"2025-10-11 08:15:11"}
{"level":"http","message":"[Product Route] GET /api/products/Slippers","timestamp":"2025-10-11 08:16:06"}
{"level":"http","message":"[Product Route] GET /api/products?name=Slippers","timestamp":"2025-10-11 08:16:20"}
{"level":"http","message":"[Product Route] GET /api/products?name=Iphone","timestamp":"2025-10-11 08:16:28"}
{"level":"http","message":"[Product Route] GET /api/products?name=IPhone%2016123123","timestamp":"2025-10-11 08:16:37"}
{"level":"http","message":"[Product Route] GET /api/products","timestamp":"2025-10-11 08:16:42"}
{"level":"http","message":"[Product Route] GET /api/products?name=shoe","timestamp":"2025-10-11 08:16:57"}
{"level":"http","message":"[Product Route] GET /api/products?name=red","timestamp":"2025-10-11 08:17:01"}
{"level":"http","message":"[Cart Route] GET /api/cart","timestamp":"2025-10-11 08:18:22"}
{"level":"http","message":"[Cart Route] GET /api/cart/add","timestamp":"2025-10-11 08:18:30"}
{"level":"http","message":"[Auth Route] GET /api/auth","timestamp":"2025-10-11 08:19:19"}
{"level":"http","message":"[Auth Route] GET /api/auth/login","timestamp":"2025-10-11 08:19:24"}
{"level":"http","message":"[Product Route] GET /api/products","timestamp":"2025-10-11 08:19:49"}
{"level":"http","message":"[Payment Route] GET /api/payments/webhook","timestamp":"2025-10-11 08:20:48"}
{"level":"http","message":"[Reviews Route] GET /api/reviews","timestamp":"2025-10-11 08:22:49"}
{"level":"http","message":"[Payment Route] POST /api/payments/create-payment-intent","timestamp":"2025-10-11 09:01:27"}
{"level":"http","message":"[Payment Route] POST /api/payments/create-payment-intent","timestamp":"2025-10-11 09:02:11"}
{"level":"http","message":"[Product Route] GET /api/products","timestamp":"2025-10-11 09:05:45"}
{"level":"http","message":"[Product Route] GET /api/products","timestamp":"2025-10-11 09:05:46"}
{"level":"http","message":"[Auth Route] POST /api/auth/login","timestamp":"2025-10-11 09:05:59"}
{"level":"http","message":"[Cart Route] GET /api/cart","timestamp":"2025-10-11 09:06:00"}
{"level":"http","message":"[Product Route] GET /api/products","timestamp":"2025-10-11 09:06:01"}
{"level":"http","message":"[Product Route] GET /api/products","timestamp":"2025-10-11 09:06:01"}
{"level":"http","message":"[Reviews Route] GET /api/reviews/product/6749d310a86aeb9712253d9f","timestamp":"2025-10-11 09:06:03"}
{"level":"http","message":"[Product Route] GET /api/products?id=6749d310a86aeb9712253d9f","timestamp":"2025-10-11 09:06:03"}
{"level":"http","message":"[Reviews Route] GET /api/reviews/product/6749d310a86aeb9712253d9f","timestamp":"2025-10-11 09:06:03"}
{"level":"http","message":"[User Route] POST /api/profile/address/6745cdaf9a70a832111deef4/add","timestamp":"2025-10-11 09:07:56"}
{"level":"http","message":"[User Route] POST /api/user/address/6745cdaf9a70a832111deef4/add","timestamp":"2025-10-11 09:08:08"}
{"level":"http","message":"[User Route] GET /api/user/","timestamp":"2025-10-11 09:27:57"}
{"level":"http","message":"[User Route] GET /api/user/","timestamp":"2025-10-11 09:28:39"}
{"level":"http","message":"[User Route] GET /api/user/","timestamp":"2025-10-11 09:29:58"}
{"level":"http","message":"[User Route] GET /api/user/","timestamp":"2025-10-11 09:33:52"}
{"level":"http","message":"[Payment Route] POST /api/payments/create-payment-intent","timestamp":"2025-10-11 09:34:51"}
{"level":"http","message":"[Payment Route] POST /api/payments/create-payment-intent","timestamp":"2025-10-11 09:34:51"}
{"level":"http","message":"[Payment Route] POST /api/payments/create-payment-intent","timestamp":"2025-10-11 09:34:51"}
{"level":"http","message":"[Payment Route] POST /api/payments/create-payment-intent","timestamp":"2025-10-11 09:34:51"}
{"level":"http","message":"[User Route] GET /api/user/","timestamp":"2025-10-11 09:34:51"}
{"level":"http","message":"[Payment Route] POST /api/payments/create-payment-intent","timestamp":"2025-10-11 09:34:51"}
{"level":"http","message":"[Payment Route] POST /api/payments/create-payment-intent","timestamp":"2025-10-11 09:34:51"}
{"level":"http","message":"[Payment Route] POST /api/payments/create-payment-intent","timestamp":"2025-10-11 09:36:11"}
{"level":"http","message":"[Product Route] GET /api/products","timestamp":"2025-10-11 09:36:12"}
{"level":"http","message":"[Product Route] GET /api/products","timestamp":"2025-10-11 09:36:12"}
{"level":"http","message":"[Reviews Route] GET /api/reviews/product/6749d310a86aeb9712253d9f","timestamp":"2025-10-11 09:36:13"}
{"level":"http","message":"[Product Route] GET /api/products?id=6749d310a86aeb9712253d9f","timestamp":"2025-10-11 09:36:13"}
{"level":"http","message":"[Reviews Route] GET /api/reviews/product/6749d310a86aeb9712253d9f","timestamp":"2025-10-11 09:36:14"}
{"level":"http","message":"[User Route] GET /api/user/","timestamp":"2025-10-11 09:36:16"}
{"level":"http","message":"[User Route] GET /api/user/","timestamp":"2025-10-11 09:36:16"}
{"level":"http","message":"[Payment Route] POST /api/payments/create-payment-intent","timestamp":"2025-10-11 09:36:26"}
{"level":"http","message":"[Order Route] POST /api/orders by Guest","timestamp":"2025-10-11 09:36:26"}
{"level":"http","message":"[Order Route] GET /api/orders by Guest","timestamp":"2025-10-11 09:36:27"}
{"level":"http","message":"[Order Route] GET /api/orders by Guest","timestamp":"2025-10-11 09:36:27"}
{"level":"http","message":"[Order Route] GET /api/orders by Guest","timestamp":"2025-10-11 09:36:57"}
{"level":"http","message":"[Order Route] GET /api/orders by Guest","timestamp":"2025-10-11 09:37:27"}
{"level":"http","message":"[Order Route] GET /api/orders by Guest","timestamp":"2025-10-11 09:38:27"}
{"level":"http","message":"[Payment Route] POST /api/payments/create-payment-intent","timestamp":"2025-10-11 09:38:42"}
{"level":"http","message":"[Order Route] GET /api/orders by Guest","timestamp":"2025-10-11 09:38:59"}
{"level":"http","message":"[Payment Route] POST /api/payments/create-payment-intent","timestamp":"2025-10-11 09:39:00"}
{"level":"http","message":"[Order Route] GET /api/orders by Guest","timestamp":"2025-10-11 09:39:27"}
{"level":"http","message":"[Order Route] GET /api/orders by Guest","timestamp":"2025-10-11 09:39:57"}
{"level":"http","message":"[Payment Route] POST /api/payments/create-payment-intent","timestamp":"2025-10-11 09:40:04"}
{"level":"http","message":"[Payment Route] POST /api/payments/","timestamp":"2025-10-11 09:40:17"}
{"level":"http","message":"[Payment Route] POST /api/payments/create-payment-intent","timestamp":"2025-10-11 09:40:41"}
{"level":"http","message":"[Order Route] GET /api/orders by Guest","timestamp":"2025-10-11 09:40:46"}
{"level":"http","message":"[Payment Route] POST /api/payments/create-payment-intent","timestamp":"2025-10-11 09:41:46"}
{"level":"http","message":"[Order Route] GET /api/orders by Guest","timestamp":"2025-10-11 09:41:46"}
{"level":"http","message":"[Order Route] GET /api/orders by Guest","timestamp":"2025-10-11 09:42:11"}
{"level":"http","message":"[Order Route] GET /api/orders by Guest","timestamp":"2025-10-11 09:42:12"}
{"level":"http","message":"[Reviews Route] GET /api/reviews/product/674a6d1427f2cb7baf245295","timestamp":"2025-10-11 09:42:16"}
{"level":"http","message":"[Product Route] GET /api/products?id=674a6d1427f2cb7baf245295","timestamp":"2025-10-11 09:42:16"}
{"level":"http","message":"[Reviews Route] GET /api/reviews/product/674a6d1427f2cb7baf245295","timestamp":"2025-10-11 09:42:16"}
{"level":"http","message":"[User Route] GET /api/user/","timestamp":"2025-10-11 09:42:20"}
{"level":"http","message":"[User Route] GET /api/user/","timestamp":"2025-10-11 09:42:20"}
{"level":"http","message":"[Payment Route] POST /api/payments/create-payment-intent","timestamp":"2025-10-11 09:42:59"}
{"level":"http","message":"[Order Route] POST /api/orders by Guest","timestamp":"2025-10-11 09:42:59"}
{"level":"http","message":"[Order Route] GET /api/orders by Guest","timestamp":"2025-10-11 09:43:00"}
{"level":"http","message":"[Order Route] GET /api/orders by Guest","timestamp":"2025-10-11 09:43:00"}
{"level":"http","message":"[Order Route] GET /api/orders by Guest","timestamp":"2025-10-11 09:43:30"}
{"level":"http","message":"[Order Route] GET /api/orders by Guest","timestamp":"2025-10-11 09:44:00"}
{"level":"http","message":"[Order Route] GET /api/orders by Guest","timestamp":"2025-10-11 09:44:30"}
{"level":"http","message":"[Order Route] GET /api/orders by Guest","timestamp":"2025-10-11 09:45:00"}
{"level":"http","message":"[Order Route] GET /api/orders by Guest","timestamp":"2025-10-11 09:45:30"}
{"level":"http","message":"[Order Route] GET /api/orders by Guest","timestamp":"2025-10-11 09:46:00"}
{"level":"http","message":"[Order Route] GET /api/orders by Guest","timestamp":"2025-10-11 09:46:30"}
{"level":"http","message":"[Order Route] GET /api/orders by Guest","timestamp":"2025-10-11 09:47:21"}
{"level":"http","message":"[User Route] GET /api/user/","timestamp":"2025-10-11 09:47:21"}
{"level":"http","message":"[User Route] GET /api/user/","timestamp":"2025-10-11 09:47:21"}
{"level":"http","message":"[Payment Route] POST /api/payments/create-payment-intent","timestamp":"2025-10-11 09:47:41"}
{"level":"http","message":"[Order Route] POST /api/orders by Guest","timestamp":"2025-10-11 09:47:41"}
{"level":"http","message":"[Payment Route] POST /api/payments/create-payment-intent","timestamp":"2025-10-11 09:47:41"}
{"level":"http","message":"[Payment Route] POST /api/payments/create-payment-intent","timestamp":"2025-10-11 09:48:50"}
{"level":"http","message":"[Order Route] POST /api/orders by Guest","timestamp":"2025-10-11 09:48:50"}
{"level":"http","message":"[User Route] GET /api/user/","timestamp":"2025-10-11 09:48:50"}
{"level":"http","message":"[Payment Route] POST /api/payments/create-payment-intent","timestamp":"2025-10-11 09:48:51"}
{"level":"http","message":"[User Route] GET /api/user/","timestamp":"2025-10-11 09:49:34"}
{"level":"http","message":"[Order Route] POST /api/orders by Guest","timestamp":"2025-10-11 09:49:37"}
{"level":"http","message":"[Reviews Route] GET /api/reviews/product/6749d310a86aeb9712253d9f","timestamp":"2025-10-11 09:49:52"}
{"level":"http","message":"[Reviews Route] GET /api/reviews/product/6749d310a86aeb9712253d9f","timestamp":"2025-10-11 09:49:52"}
{"level":"http","message":"[User Route] GET /api/user/","timestamp":"2025-10-11 09:49:53"}
{"level":"http","message":"[User Route] GET /api/user/","timestamp":"2025-10-11 09:49:53"}
{"level":"http","message":"[Order Route] POST /api/orders by Guest","timestamp":"2025-10-11 09:50:06"}
{"level":"http","message":"[Payment Route] POST /api/payments/create-payment-intent","timestamp":"2025-10-11 09:50:06"}
{"level":"http","message":"[User Route] GET /api/user/","timestamp":"2025-10-11 09:50:38"}
{"level":"http","message":"[Order Route] POST /api/orders by Guest","timestamp":"2025-10-11 09:50:43"}
{"level":"http","message":"[Payment Route] POST /api/payments/create-payment-intent","timestamp":"2025-10-11 09:50:43"}
{"level":"http","message":"[Order Route] GET /api/orders by Guest","timestamp":"2025-10-11 09:50:44"}
{"level":"http","message":"[Order Route] GET /api/orders by Guest","timestamp":"2025-10-11 09:50:44"}
{"level":"http","message":"[Product Route] GET /api/products","timestamp":"2025-10-11 10:06:36"}
{"level":"http","message":"[Product Route] GET /api/products","timestamp":"2025-10-11 10:06:43"}
{"level":"http","message":"[Product Route] GET /api/products","timestamp":"2025-10-11 10:06:44"}
{"level":"http","message":"[Reviews Route] GET /api/reviews/product/6749d310a86aeb9712253d9f","timestamp":"2025-10-11 10:06:50"}
{"level":"http","message":"[Product Route] GET /api/products?id=6749d310a86aeb9712253d9f","timestamp":"2025-10-11 10:06:51"}
{"level":"http","message":"[Reviews Route] GET /api/reviews/product/6749d310a86aeb9712253d9f","timestamp":"2025-10-11 10:06:51"}
{"level":"http","message":"[User Route] GET /api/user/","timestamp":"2025-10-11 10:06:56"}
{"level":"http","message":"[User Route] GET /api/user/","timestamp":"2025-10-11 10:06:56"}
{"level":"http","message":"[Reviews Route] GET /api/reviews/product/6749d310a86aeb9712253d9f","timestamp":"2025-10-11 10:07:09"}
{"level":"http","message":"[Reviews Route] GET /api/reviews/product/6749d310a86aeb9712253d9f","timestamp":"2025-10-11 10:07:09"}
{"level":"http","message":"[Auth Route] POST /api/auth/login","timestamp":"2025-10-11 10:07:15"}
{"level":"http","message":"[Product Route] GET /api/products","timestamp":"2025-10-11 10:07:17"}
{"level":"http","message":"[Product Route] GET /api/products","timestamp":"2025-10-11 10:07:17"}
{"level":"http","message":"[Reviews Route] GET /api/reviews/product/6749d310a86aeb9712253d9f","timestamp":"2025-10-11 10:07:20"}
{"level":"http","message":"[Product Route] GET /api/products?id=6749d310a86aeb9712253d9f","timestamp":"2025-10-11 10:07:20"}
{"level":"http","message":"[Reviews Route] GET /api/reviews/product/6749d310a86aeb9712253d9f","timestamp":"2025-10-11 10:07:20"}
{"level":"http","message":"[User Route] GET /api/user/","timestamp":"2025-10-11 10:07:22"}
{"level":"http","message":"[User Route] GET /api/user/","timestamp":"2025-10-11 10:07:22"}
{"level":"http","message":"[Order Route] POST /api/orders by Guest","timestamp":"2025-10-11 10:07:45"}
{"level":"http","message":"[Payment Route] POST /api/payments/create-payment-intent","timestamp":"2025-10-11 10:07:45"}
{"level":"http","message":"[Order Route] GET /api/orders by Guest","timestamp":"2025-10-11 10:07:46"}
{"level":"http","message":"[Order Route] GET /api/orders by Guest","timestamp":"2025-10-11 10:07:46"}
{"level":"http","message":"[Order Route] GET /api/orders by Guest","timestamp":"2025-10-11 10:12:31"}
{"level":"http","message":"[Product Route] GET /api/products","timestamp":"2025-10-11 10:12:33"}
{"level":"http","message":"[Product Route] GET /api/products","timestamp":"2025-10-11 10:12:33"}
{"level":"http","message":"[Product Route] GET /api/products?id=6749d310a86aeb9712253d9f","timestamp":"2025-10-11 10:12:34"}
{"level":"http","message":"[Reviews Route] GET /api/reviews/product/6749d310a86aeb9712253d9f","timestamp":"2025-10-11 10:12:34"}
{"level":"http","message":"[Reviews Route] GET /api/reviews/product/6749d310a86aeb9712253d9f","timestamp":"2025-10-11 10:12:34"}
{"level":"http","message":"[User Route] GET /api/user/","timestamp":"2025-10-11 10:12:35"}
{"level":"http","message":"[User Route] GET /api/user/","timestamp":"2025-10-11 10:12:35"}
{"level":"http","message":"[Order Route] POST /api/orders by Guest","timestamp":"2025-10-11 10:12:48"}
{"level":"http","message":"[Payment Route] POST /api/payments/create-payment-intent","timestamp":"2025-10-11 10:12:48"}
{"level":"http","message":"[Order Route] GET /api/orders by Guest","timestamp":"2025-10-11 10:12:49"}
{"level":"http","message":"[Order Route] GET /api/orders by Guest","timestamp":"2025-10-11 10:12:49"}
{"level":"http","message":"[Product Route] GET /api/products","timestamp":"2025-10-11 10:21:42"}
{"level":"http","message":"[Product Route] GET /api/products","timestamp":"2025-10-11 10:21:42"}
{"level":"http","message":"[Reviews Route] GET /api/reviews/product/6749d310a86aeb9712253d9f","timestamp":"2025-10-11 10:21:43"}
{"level":"http","message":"[Product Route] GET /api/products?id=6749d310a86aeb9712253d9f","timestamp":"2025-10-11 10:21:43"}
{"level":"http","message":"[Reviews Route] GET /api/reviews/product/6749d310a86aeb9712253d9f","timestamp":"2025-10-11 10:21:44"}
{"level":"http","message":"[User Route] GET /api/user/","timestamp":"2025-10-11 10:21:45"}
{"level":"http","message":"[User Route] GET /api/user/","timestamp":"2025-10-11 10:21:45"}
{"level":"http","message":"[Order Route] POST /api/orders by Guest","timestamp":"2025-10-11 10:21:55"}
{"level":"http","message":"[Payment Route] POST /api/payments/create-payment-intent","timestamp":"2025-10-11 10:21:55"}
{"level":"http","message":"[Order Route] GET /api/orders by Guest","timestamp":"2025-10-11 10:21:56"}
{"level":"http","message":"[Order Route] GET /api/orders by Guest","timestamp":"2025-10-11 10:21:56"}
{"level":"http","message":"[Product Route] GET /api/products","timestamp":"2025-10-11 10:26:54"}
{"level":"http","message":"[Product Route] GET /api/products","timestamp":"2025-10-11 10:26:54"}
{"level":"http","message":"[Reviews Route] GET /api/reviews/product/6749d310a86aeb9712253d9f","timestamp":"2025-10-11 10:26:57"}
{"level":"http","message":"[Product Route] GET /api/products?id=6749d310a86aeb9712253d9f","timestamp":"2025-10-11 10:26:57"}
{"level":"http","message":"[Reviews Route] GET /api/reviews/product/6749d310a86aeb9712253d9f","timestamp":"2025-10-11 10:26:58"}
{"level":"http","message":"[User Route] GET /api/user/","timestamp":"2025-10-11 10:27:00"}
{"level":"http","message":"[User Route] GET /api/user/","timestamp":"2025-10-11 10:27:00"}
{"level":"http","message":"[Order Route] POST /api/orders by Guest","timestamp":"2025-10-11 10:27:14"}
{"level":"http","message":"[Payment Route] POST /api/payments/create-payment-intent","timestamp":"2025-10-11 10:27:15"}
{"level":"http","message":"[Product Route] GET /api/products","timestamp":"2025-10-11 10:28:01"}
{"level":"http","message":"[Product Route] GET /api/products","timestamp":"2025-10-11 10:28:01"}
{"level":"http","message":"[Cart Route] GET /api/cart","timestamp":"2025-10-11 10:28:02"}
{"level":"http","message":"[Cart Route] GET /api/cart","timestamp":"2025-10-11 10:28:02"}
{"level":"http","message":"[Order Route] GET /api/orders by Guest","timestamp":"2025-10-11 10:28:04"}
{"level":"http","message":"[Order Route] GET /api/orders by Guest","timestamp":"2025-10-11 10:28:04"}
{"level":"http","message":"[Reviews Route] GET /api/reviews/product/6749d310a86aeb9712253d9f","timestamp":"2025-10-11 10:28:47"}
{"level":"http","message":"[Product Route] GET /api/products?id=6749d310a86aeb9712253d9f","timestamp":"2025-10-11 10:28:47"}
{"level":"http","message":"[Reviews Route] GET /api/reviews/product/6749d310a86aeb9712253d9f","timestamp":"2025-10-11 10:28:47"}
{"level":"http","message":"[Reviews Route] GET /api/reviews/product/6749d396a86aeb9712253da5","timestamp":"2025-10-11 10:28:52"}
{"level":"http","message":"[Product Route] GET /api/products?id=6749d396a86aeb9712253da5","timestamp":"2025-10-11 10:28:52"}
{"level":"http","message":"[Reviews Route] GET /api/reviews/product/6749d396a86aeb9712253da5","timestamp":"2025-10-11 10:28:53"}
{"level":"http","message":"[User Route] GET /api/user/","timestamp":"2025-10-11 10:28:54"}
{"level":"http","message":"[User Route] GET /api/user/","timestamp":"2025-10-11 10:28:54"}
{"level":"http","message":"[Order Route] POST /api/orders by Guest","timestamp":"2025-10-11 10:29:04"}
{"level":"http","message":"[Payment Route] POST /api/payments/create-payment-intent","timestamp":"2025-10-11 10:29:04"}
{"level":"http","message":"[Cart Route] GET /api/cart","timestamp":"2025-10-11 10:29:13"}
{"level":"http","message":"[Cart Route] GET /api/cart","timestamp":"2025-10-11 10:29:13"}
{"level":"http","message":"[Order Route] GET /api/orders by Guest","timestamp":"2025-10-11 10:29:14"}
{"level":"http","message":"[Order Route] GET /api/orders by Guest","timestamp":"2025-10-11 10:29:14"}
{"level":"http","message":"[Product Route] GET /api/products","timestamp":"2025-10-11 10:29:30"}
{"level":"http","message":"[Product Route] GET /api/products","timestamp":"2025-10-11 10:29:30"}
{"level":"http","message":"[Reviews Route] GET /api/reviews/product/6749ea0ca86aeb9712254542","timestamp":"2025-10-11 10:29:31"}
{"level":"http","message":"[Product Route] GET /api/products?id=6749ea0ca86aeb9712254542","timestamp":"2025-10-11 10:29:31"}
{"level":"http","message":"[Reviews Route] GET /api/reviews/product/6749ea0ca86aeb9712254542","timestamp":"2025-10-11 10:29:31"}
{"level":"http","message":"[User Route] GET /api/user/","timestamp":"2025-10-11 10:29:35"}
{"level":"http","message":"[User Route] GET /api/user/","timestamp":"2025-10-11 10:29:35"}
{"level":"http","message":"[Order Route] POST /api/orders by Guest","timestamp":"2025-10-11 10:29:39"}
{"level":"http","message":"[Payment Route] POST /api/payments/create-payment-intent","timestamp":"2025-10-11 10:29:40"}
{"level":"http","message":"[User Route] GET /api/user/","timestamp":"2025-10-11 10:29:48"}
{"level":"http","message":"[Cart Route] GET /api/cart","timestamp":"2025-10-11 10:30:01"}
{"level":"http","message":"[Cart Route] GET /api/cart","timestamp":"2025-10-11 10:30:01"}
{"level":"http","message":"[Order Route] GET /api/orders by Guest","timestamp":"2025-10-11 10:30:02"}
{"level":"http","message":"[Order Route] GET /api/orders by Guest","timestamp":"2025-10-11 10:30:03"}
{"level":"http","message":"[Order Route] GET /api/orders by Guest","timestamp":"2025-10-11 10:30:35"}
{"level":"http","message":"[Order Route] GET /api/orders by Guest","timestamp":"2025-10-11 10:31:05"}
{"level":"http","message":"[Order Route] GET /api/orders by Guest","timestamp":"2025-10-11 10:31:35"}
{"level":"http","message":"[Order Route] GET /api/orders by Guest","timestamp":"2025-10-11 10:32:05"}
{"level":"http","message":"[Order Route] GET /api/orders by Guest","timestamp":"2025-10-11 10:32:35"}
{"level":"http","message":"[Order Route] GET /api/orders by Guest","timestamp":"2025-10-11 10:33:05"}
{"level":"http","message":"[Order Route] GET /api/orders by Guest","timestamp":"2025-10-11 10:33:35"}
{"level":"http","message":"[Order Route] GET /api/orders by Guest","timestamp":"2025-10-11 10:34:36"}
{"level":"http","message":"[Product Route] GET /api/products","timestamp":"2025-10-11 10:35:09"}
{"level":"http","message":"[Order Route] GET /api/orders by Guest","timestamp":"2025-10-11 10:35:09"}
{"level":"http","message":"[Product Route] GET /api/products","timestamp":"2025-10-11 10:35:13"}
{"level":"http","message":"[Product Route] GET /api/products","timestamp":"2025-10-11 10:35:13"}
{"level":"http","message":"[Reviews Route] GET /api/reviews/product/6749d310a86aeb9712253d9f","timestamp":"2025-10-11 10:35:14"}
{"level":"http","message":"[Product Route] GET /api/products?id=6749d310a86aeb9712253d9f","timestamp":"2025-10-11 10:35:14"}
{"level":"http","message":"[Reviews Route] GET /api/reviews/product/6749d310a86aeb9712253d9f","timestamp":"2025-10-11 10:35:14"}
{"level":"http","message":"[Reviews Route] GET /api/reviews/product/6749ea0ca86aeb9712254542","timestamp":"2025-10-11 10:35:18"}
{"level":"http","message":"[Product Route] GET /api/products?id=6749ea0ca86aeb9712254542","timestamp":"2025-10-11 10:35:18"}
{"level":"http","message":"[Reviews Route] GET /api/reviews/product/6749ea0ca86aeb9712254542","timestamp":"2025-10-11 10:35:18"}
{"level":"http","message":"[User Route] GET /api/user/","timestamp":"2025-10-11 10:35:19"}
{"level":"http","message":"[User Route] GET /api/user/","timestamp":"2025-10-11 10:35:19"}
{"level":"http","message":"[Order Route] POST /api/orders by Guest","timestamp":"2025-10-11 10:35:28"}
{"level":"http","message":"[Payment Route] POST /api/payments/create-payment-intent","timestamp":"2025-10-11 10:35:28"}
{"level":"http","message":"[User Route] GET /api/user/","timestamp":"2025-10-11 10:35:36"}
{"level":"http","message":"[User Route] GET /api/user/","timestamp":"2025-10-11 10:35:37"}
{"level":"http","message":"[Cart Route] GET /api/cart","timestamp":"2025-10-11 10:35:41"}
{"level":"http","message":"[Cart Route] GET /api/cart","timestamp":"2025-10-11 10:35:42"}
{"level":"http","message":"[Order Route] GET /api/orders by Guest","timestamp":"2025-10-11 10:35:43"}
{"level":"http","message":"[Order Route] GET /api/orders by Guest","timestamp":"2025-10-11 10:35:43"}
{"level":"http","message":"[Product Route] GET /api/products","timestamp":"2025-10-11 10:35:53"}
{"level":"http","message":"[Product Route] GET /api/products","timestamp":"2025-10-11 10:35:53"}
{"level":"http","message":"[Reviews Route] GET /api/reviews/product/6749ea0ca86aeb9712254542","timestamp":"2025-10-11 10:35:54"}
{"level":"http","message":"[Product Route] GET /api/products?id=6749ea0ca86aeb9712254542","timestamp":"2025-10-11 10:35:54"}
{"level":"http","message":"[Reviews Route] GET /api/reviews/product/6749ea0ca86aeb9712254542","timestamp":"2025-10-11 10:35:54"}
{"level":"http","message":"[Cart Route] GET /api/cart","timestamp":"2025-10-11 10:35:57"}
{"level":"http","message":"[Cart Route] GET /api/cart","timestamp":"2025-10-11 10:35:57"}
{"level":"http","message":"[User Route] GET /api/user/","timestamp":"2025-10-11 10:35:59"}
{"level":"http","message":"[User Route] GET /api/user/","timestamp":"2025-10-11 10:35:59"}
{"level":"http","message":"[Order Route] POST /api/orders by Guest","timestamp":"2025-10-11 10:36:09"}
{"level":"http","message":"[Payment Route] POST /api/payments/create-payment-intent","timestamp":"2025-10-11 10:36:10"}
{"level":"http","message":"[Cart Route] POST /api/cart/remove","timestamp":"2025-10-11 10:36:10"}
{"level":"http","message":"[Product Route] GET /api/products","timestamp":"2025-10-11 10:38:22"}
{"level":"http","message":"[Product Route] GET /api/products","timestamp":"2025-10-11 10:38:22"}
{"level":"http","message":"[Reviews Route] GET /api/reviews/product/6749ea0ca86aeb9712254542","timestamp":"2025-10-11 10:38:25"}
{"level":"http","message":"[Product Route] GET /api/products?id=6749ea0ca86aeb9712254542","timestamp":"2025-10-11 10:38:25"}
{"level":"http","message":"[Reviews Route] GET /api/reviews/product/6749ea0ca86aeb9712254542","timestamp":"2025-10-11 10:38:25"}
{"level":"http","message":"[User Route] GET /api/user/","timestamp":"2025-10-11 10:38:26"}
{"level":"http","message":"[User Route] GET /api/user/","timestamp":"2025-10-11 10:38:26"}
{"level":"http","message":"[Order Route] POST /api/orders by Guest","timestamp":"2025-10-11 10:38:33"}
{"level":"http","message":"[Payment Route] POST /api/payments/create-payment-intent","timestamp":"2025-10-11 10:38:33"}
{"level":"http","message":"[User Route] GET /api/user/","timestamp":"2025-10-11 10:41:17"}
{"level":"http","message":"[Order Route] POST /api/orders by Guest","timestamp":"2025-10-11 10:41:24"}
{"level":"http","message":"[Order Route] POST /api/orders by Guest","timestamp":"2025-10-11 10:41:31"}
{"level":"http","message":"[Order Route] POST /api/orders by Guest","timestamp":"2025-10-11 10:41:45"}
{"level":"http","message":"[Product Route] GET /api/products","timestamp":"2025-10-11 10:42:06"}
{"level":"http","message":"[Product Route] GET /api/products","timestamp":"2025-10-11 10:42:06"}
{"level":"http","message":"[Cart Route] GET /api/cart","timestamp":"2025-10-11 10:42:07"}
{"level":"http","message":"[Cart Route] GET /api/cart","timestamp":"2025-10-11 10:42:07"}
{"level":"http","message":"[Auth Route] POST /api/auth/login","timestamp":"2025-10-11 10:42:13"}
{"level":"http","message":"[Product Route] GET /api/products","timestamp":"2025-10-11 10:42:13"}
{"level":"http","message":"[Product Route] GET /api/products","timestamp":"2025-10-11 10:42:13"}
{"level":"http","message":"[Reviews Route] GET /api/reviews/product/6749d77ea86aeb9712253ffd","timestamp":"2025-10-11 10:42:15"}
{"level":"http","message":"[Product Route] GET /api/products?id=6749d77ea86aeb9712253ffd","timestamp":"2025-10-11 10:42:15"}
{"level":"http","message":"[Reviews Route] GET /api/reviews/product/6749d77ea86aeb9712253ffd","timestamp":"2025-10-11 10:42:15"}
{"level":"http","message":"[User Route] GET /api/user/","timestamp":"2025-10-11 10:42:16"}
{"level":"http","message":"[User Route] GET /api/user/","timestamp":"2025-10-11 10:42:16"}
{"level":"http","message":"[Order Route] POST /api/orders by Guest","timestamp":"2025-10-11 10:42:32"}
{"level":"http","message":"[Payment Route] POST /api/payments/create-payment-intent","timestamp":"2025-10-11 10:42:32"}
{"level":"http","message":"[Order Route] POST /api/orders by Guest","timestamp":"2025-10-11 10:43:04"}
{"level":"http","message":"[Payment Route] POST /api/payments/create-payment-intent","timestamp":"2025-10-11 10:43:05"}
{"level":"http","message":"[Product Route] GET /api/products","timestamp":"2025-10-11 10:43:06"}
{"level":"http","message":"[Product Route] GET /api/products","timestamp":"2025-10-11 10:43:07"}
{"level":"http","message":"[Reviews Route] GET /api/reviews/product/6749d310a86aeb9712253d9f","timestamp":"2025-10-11 10:45:14"}
{"level":"http","message":"[Product Route] GET /api/products?id=6749d310a86aeb9712253d9f","timestamp":"2025-10-11 10:45:14"}
{"level":"http","message":"[Reviews Route] GET /api/reviews/product/6749d310a86aeb9712253d9f","timestamp":"2025-10-11 10:45:14"}
{"level":"http","message":"[User Route] GET /api/user/","timestamp":"2025-10-11 10:45:17"}
{"level":"http","message":"[User Route] GET /api/user/","timestamp":"2025-10-11 10:45:17"}
{"level":"http","message":"[Order Route] POST /api/orders by Guest","timestamp":"2025-10-11 10:45:24"}
{"level":"http","message":"[Order Route] GET /api/orders by Guest","timestamp":"2025-10-11 10:45:25"}
{"level":"http","message":"[Order Route] GET /api/orders by Guest","timestamp":"2025-10-11 10:45:25"}
{"level":"http","message":"[Reviews Route] GET /api/reviews/product/6749d310a86aeb9712253d9f","timestamp":"2025-10-11 10:45:31"}
{"level":"http","message":"[Reviews Route] GET /api/reviews/product/6749d310a86aeb9712253d9f","timestamp":"2025-10-11 10:45:31"}
{"level":"http","message":"[User Route] GET /api/user/","timestamp":"2025-10-11 10:45:32"}
{"level":"http","message":"[User Route] GET /api/user/","timestamp":"2025-10-11 10:45:32"}
{"level":"http","message":"[Order Route] POST /api/orders by Guest","timestamp":"2025-10-11 10:45:38"}
{"level":"http","message":"[Payment Route] POST /api/payments/create-payment-intent","timestamp":"2025-10-11 10:45:39"}
{"level":"http","message":"[User Route] GET /api/user/","timestamp":"2025-10-11 10:45:52"}
{"level":"http","message":"[User Route] GET /api/user/","timestamp":"2025-10-11 10:46:31"}
{"level":"http","message":"[User Route] GET /api/user/","timestamp":"2025-10-11 10:46:53"}
